<?xml version="1.0" ?>
<testsuite name="test_catalog.catalogTest-20200922071649" tests="1" time="0.000" failures="0" errors="1">
	<testcase classname="test_catalog.catalogTest" name="test_upper" time="0.000">
		<error type="AssertionError" message="API_KEY not found"><![CDATA[Traceback (most recent call last):
  File "/home/andrepascoa/github/BigBuyPy/tests/test_catalog.py", line 10, in test_upper
    assert api_key is not None, "API_KEY not found"
AssertionError: API_KEY not found
]]></error>
	</testcase>
	<system-out><![CDATA[None
]]></system-out>
	<system-err><![CDATA[]]></system-err>
</testsuite>
